0
3693 834
3009 125
586 1093
保存图片template_u000736_0.jpg
1
12 355
451 364
172 368
保存图片template_u003094_1.jpg
2
1797 1140
1884 950
保存图片template_u000427_2.jpg
3
3494 496
1229 1587
2660 414
保存图片template_u003543_3.jpg
4
236 352
302 329
125 377
保存图片template_u002647_4.jpg
5
134 247
165 98
393 250
保存图片template_u002193_5.jpg
6
114 291
231 281
690 333
保存图片template_c000880_6.jpg
7
506 597
2666 973
3070 188
保存图片template_u002412_7.jpg
8
366 402
482 239
703 149
保存图片template_c000251_8.jpg
9
885 433
保存图片template_u005846_9.jpg
10
2935 1299
2274 1479
保存图片template_u005364_10.jpg
11
264 366
354 264
144 271
12
316 364
72 11
328 61
保存图片template_u001968_12.jpg
13
14 389
372 142
250 16
14
696 377
440 109
491 246
保存图片template_u001594_14.jpg
15
3675 190
818 2085
3549 282
保存图片template_u004989_15.jpg
16
667 150
402 21
26 7
保存图片template_u001970_16.jpg
17
51 131
148 405
141 229
保存图片template_u001710_17.jpg
18
3771 1862
122 1700
916 1883
19
2438 2125
20
548 88
402 1805
1812 215
保存图片template_u005854_20.jpg
21
644 55
22 360
710 44
保存图片template_c000916_21.jpg
22
538 338
104 210
41 57
保存图片template_u001980_22.jpg
23
642 257
250 365
184 212
24
470 347
246 378
353 211
保存图片template_u003090_24.jpg
25
1548 2100
74 166
保存图片template_u005556_25.jpg
26
3045 1830
3137 132
968 2009
保存图片template_u005343_26.jpg
27
2924 203
3271 570
1555 79
28
1987 1453
1959 398
29
452 77
116 29
412 75
保存图片template_u003827_29.jpg
30
1411 798
1770 359
1100 801
保存图片template_u001475_30.jpg
31
152 188
330 213
606 240
保存图片template_u003224_31.jpg
32
3355 1839
1992 1787
3201 1464
保存图片template_u006061_32.jpg
33
34
229 84
保存图片template_u001088_34.jpg
35
393 336
584 202
618 290
保存图片template_u003180_35.jpg
36
1160 278
200 198
40 568
保存图片template_u001249_36.jpg
37
2553 1131
2207 1448
38
552 1127
3318 2131
1137 1721
保存图片template_u004369_38.jpg
39
1526 62
2662 918
40
1327 178
2938 1360
保存图片template_c001393_40.jpg
41
2174 1099
2086 825
1959 1468
42
2750 1790
3582 670
2232 1446
43
71 344
72 366
85 328
保存图片template_u004132_43.jpg
44
1171 575
保存图片template_u000210_44.jpg
45
46
25 154
510 83
674 49
保存图片template_u004068_46.jpg
47
2717 542
1337 577
1660 516
保存图片template_u000549_47.jpg
48
27 372
372 183
229 78
保存图片template_c000830_48.jpg
49
1986 365
378 690
1873 807
保存图片template_c000366_49.jpg
50
2936 1361
1070 708
1011 704
保存图片template_u000305_50.jpg
51
2044 2096
2296 2095
52
1492 1308
603 443
1321 859
保存图片template_u005979_52.jpg
53
338 94
497 110
463 359
保存图片template_c000229_53.jpg
54
218 157
446 275
保存图片template_u002797_54.jpg
55
2920 319
2942 1648
3548 884
56
787 583
2463 1756
472 105
保存图片template_u002860_56.jpg
57
601 242
32 373
653 299
保存图片template_u004171_57.jpg
58
452 306
24 305
298 116
保存图片template_u002372_58.jpg
59
1712 668
378 1026
40 490
保存图片template_u001258_59.jpg
60
3287 616
384 940
2426 317
保存图片template_u000512_60.jpg
61
1837 2059
3278 61
2962 1057
62
31 348
516 383
保存图片template_u003937_62.jpg
63
988 592
保存图片template_c000073_63.jpg
64
1384 784
839 791
924 729
保存图片template_u001365_64.jpg
65
247 185
288 371
473 225
保存图片template_u003765_65.jpg
66
785 633
1422 1405
1024 1617
保存图片template_u004815_66.jpg
67
3037 829
3331 1249
68
161 51
482 361
696 15
保存图片template_c000544_68.jpg
69
783 402
623 449
保存图片template_u000281_69.jpg
70
458 234
703 40
199 334
保存图片template_u002919_70.jpg
71
717 188
76 365
103 257
保存图片template_u004155_71.jpg
72
486 269
1170 1381
保存图片template_u005146_72.jpg
73
139 142
135 307
395 108
保存图片template_u002222_73.jpg
74
1449 879
1149 418
242 668
保存图片template_u001341_74.jpg
75
3825 1149
3455 303
76
689 205
450 312
328 307
保存图片template_u001603_76.jpg
77
2888 1108
2781 660
1959 647
保存图片template_u001001_77.jpg
78
12 59
148 376
377 379
79
1458 1688
284 1205
1731 1114
保存图片template_u004380_79.jpg
80
2034 908
1375 1687
保存图片template_u000398_80.jpg
81
3301 2072
2707 1626
2633 1912
保存图片template_u000598_81.jpg
82
1073 484
1768 82
1108 1190
保存图片template_u000577_82.jpg
83
260 330
保存图片template_u004461_83.jpg
84
692 16
85
299 367
282 275
569 273
保存图片template_u001983_85.jpg
86
249 1576
2067 1093
2694 230
保存图片template_u000828_86.jpg
87
2494 918
3792 1203
1243 767
保存图片template_u004636_87.jpg
88
203 1019
953 606
18 306
保存图片template_u001187_88.jpg
89
1997 879
1078 2087
3166 231
保存图片template_u000959_89.jpg
90
236 188
661 205
178 90
91
3547 1058
1624 1652
1631 943
92
415 372
468 274
362 153
保存图片template_u001994_92.jpg
93
252 191
78 297
68 52
94
526 299
463 225
170 362
保存图片template_u003788_94.jpg
95
441 67
250 281
保存图片template_u003479_95.jpg
96
1693 195
1060 514
1508 758
保存图片template_u001313_96.jpg
97
2481 535
102 633
保存图片template_u000355_97.jpg
98
487 174
391 6
544 394
保存图片template_u002550_98.jpg
99
1685 1228
100
368 400
689 95
352 168
101
2692 2026
566 1404
256 1307
保存图片template_u000992_101.jpg
102
1408 846
2471 1478
2480 592
保存图片template_u000940_102.jpg
103
35 285
保存图片template_c000840_103.jpg
104
1032 227
3112 755
2694 2146
保存图片template_u000919_104.jpg
105
328 188
69 386
303 289
保存图片template_c000191_105.jpg
106
3461 74
786 1547
保存图片template_u005526_106.jpg
107
1160 1878
3570 773
108
1008 606
2383 277
保存图片template_u005378_108.jpg
109
616 105
110
2476 387
1342 1649
2460 341
保存图片template_u006001_110.jpg
111
298 77
保存图片template_u003475_111.jpg
112
363 234
108 407
197 105
113
1240 1924
1779 932
1518 381
114
1927 872
175 69
3398 1118
保存图片template_u000412_114.jpg
115
2587 1129
2617 869
116
546 331
192 179
340 40
保存图片template_c000107_116.jpg
117
540 9
463 105
271 144
保存图片template_u002461_117.jpg
118
506 198
547 361
680 138
保存图片template_u003693_118.jpg
119
173 380
保存图片template_c000665_119.jpg
120
885 57
3594 1538
3131 277
保存图片template_u004634_120.jpg
121
2273 440
1537 299
保存图片template_u005155_121.jpg
122
3032 884
1634 1537
3217 206
保存图片template_u000737_122.jpg
123
3106 968
2289 1853
2841 1826
保存图片template_u004600_123.jpg
124
1725 1795
2907 1940
3621 1873
保存图片template_u000543_124.jpg
125
326 117
417 336
720 52
保存图片template_u002351_125.jpg
126
3226 122
2350 610
1789 999
保存图片template_u005002_126.jpg
127
206 314
499 104
72 255
保存图片template_u002237_127.jpg
128
2629 28
579 475
保存图片template_u005462_128.jpg
129
463 303
214 203
322 367
130
330 193
保存图片template_u004417_130.jpg
131
1329 1673
786 1243
3575 618
132
2501 1030
保存图片template_u005150_132.jpg
133
427 376
450 82
57 236
保存图片template_u003123_133.jpg
134
649 73
59 59
398 348
保存图片template_u003429_134.jpg
135
3653 1227
201 1271
1385 861
保存图片template_u005728_135.jpg
136
1089 1061
2940 274
1365 1715
保存图片template_c001061_136.jpg
137
619 172
16 114
307 304
保存图片template_u003107_137.jpg
138
2493 485
1616 77
2304 799
保存图片template_u005788_138.jpg
139
1852 479
407 222
1940 1172
保存图片template_u005053_139.jpg
140
130 18
620 102
652 402
保存图片template_c000258_140.jpg
141
3491 1534
1972 216
2079 981
142
477 96
2055 31
2830 1375
保存图片template_u000706_142.jpg
143
2559 391
264 648
2191 993
保存图片template_u005746_143.jpg
144
261 397
719 75
527 264
保存图片template_u001680_144.jpg
145
保存图片template_u000142_145.jpg
146
2990 1107
保存图片template_u000195_146.jpg
147
87 1818
3587 1091
3698 855
保存图片template_u005606_147.jpg
148
176 366
146 260
412 210
保存图片template_c000426_148.jpg
149
86 3
193 152
11 157
保存图片template_u001664_149.jpg
150
534 1761
701 506
3633 313
保存图片template_u006132_150.jpg
151
416 88
440 270
231 80
保存图片template_u002045_151.jpg
152
1480 821
1750 1340
2355 61
保存图片template_c001341_152.jpgsave success
save success
save success
